{
  "stats": {
    "suites": 2,
    "tests": 2,
    "passes": 2,
    "pending": 0,
    "failures": 0,
    "start": "2019-12-31T11:47:41.891Z",
    "end": "2019-12-31T11:47:41.891Z",
    "duration": 179546,
    "testsRegistered": 2,
    "passPercent": 100,
    "pendingPercent": 0,
    "other": 0,
    "hasOther": false,
    "skipped": 0,
    "hasSkipped": false
  },
  "results": [
    {
      "uuid": "de9a119d-dff8-443a-b47d-881d89c21568",
      "title": "",
      "fullFile": "",
      "file": "",
      "beforeHooks": [],
      "afterHooks": [],
      "tests": [],
      "suites": [
        {
          "uuid": "8ddf4b56-773f-4e75-a1a6-9bca0bb7463c",
          "title": "check_consumer_quote",
          "fullFile": "",
          "file": "",
          "beforeHooks": [],
          "afterHooks": [],
          "tests": [
            {
              "title": "check_consumer_quote_api",
              "fullTitle": "check_consumer_quote check_consumer_quote_api",
              "timedOut": null,
              "duration": 66420,
              "state": "passed",
              "speed": "slow",
              "pass": true,
              "fail": false,
              "pending": false,
              "context": null,
              "code": "cy.consumer_quote();",
              "err": {},
              "uuid": "e4dad8c0-65b7-469b-ae81-73c8c6169b01",
              "parentUUID": "8ddf4b56-773f-4e75-a1a6-9bca0bb7463c",
              "isHook": false,
              "skipped": false
            }
          ],
          "suites": [],
          "passes": [
            "e4dad8c0-65b7-469b-ae81-73c8c6169b01"
          ],
          "failures": [],
          "pending": [],
          "skipped": [],
          "duration": 66420,
          "root": false,
          "rootEmpty": false,
          "_timeout": 2000
        }
      ],
      "passes": [],
      "failures": [],
      "pending": [],
      "skipped": [],
      "duration": 0,
      "root": true,
      "rootEmpty": true,
      "_timeout": 2000
    },
    {
      "uuid": "1f052dce-1021-4e3a-804e-654ac175b27d",
      "title": "",
      "fullFile": "",
      "file": "",
      "beforeHooks": [],
      "afterHooks": [],
      "tests": [],
      "suites": [
        {
          "uuid": "e7f5353c-9615-40bb-bd52-4c4a6c2d0632",
          "title": "check_ingridient_graph",
          "fullFile": "",
          "file": "",
          "beforeHooks": [],
          "afterHooks": [],
          "tests": [
            {
              "title": "check_ingridient_graph_api",
              "fullTitle": "check_ingridient_graph check_ingridient_graph_api",
              "timedOut": null,
              "duration": 113126,
              "state": "passed",
              "speed": "slow",
              "pass": true,
              "fail": false,
              "pending": false,
              "context": null,
              "code": "cy.ingridient_graph();",
              "err": {},
              "uuid": "849b2efd-d741-4ccf-8abf-8f345c59d7e2",
              "parentUUID": "e7f5353c-9615-40bb-bd52-4c4a6c2d0632",
              "isHook": false,
              "skipped": false
            }
          ],
          "suites": [],
          "passes": [
            "849b2efd-d741-4ccf-8abf-8f345c59d7e2"
          ],
          "failures": [],
          "pending": [],
          "skipped": [],
          "duration": 113126,
          "root": false,
          "rootEmpty": false,
          "_timeout": 2000
        }
      ],
      "passes": [],
      "failures": [],
      "pending": [],
      "skipped": [],
      "duration": 0,
      "root": true,
      "rootEmpty": true,
      "_timeout": 2000
    }
  ],
  "meta": {
    "mocha": {
      "version": "5.2.0"
    },
    "mochawesome": {
      "options": {
        "quiet": false,
        "reportFilename": "mochawesome",
        "saveHtml": false,
        "saveJson": true,
        "consoleReporter": "spec",
        "useInlineDiffs": false
      },
      "version": "4.1.0"
    },
    "marge": {
      "options": {
        "reportDir": "cypress/report/mochawesome-report",
        "overwrite": false,
        "html": false,
        "json": true,
        "timestamp": "mmddyyyy_HHMMss"
      },
      "version": "4.1.0"
    }
  }
}